SF:lib\domain\entities\breed_entity.dart
DA:109,4
DA:150,1
DA:151,1
DA:152,1
DA:153,1
DA:154,1
DA:155,0
DA:156,1
DA:157,1
DA:158,1
DA:159,1
DA:160,1
DA:161,1
DA:162,1
DA:163,1
DA:164,1
DA:165,1
DA:166,1
DA:167,1
DA:168,1
DA:169,1
DA:170,1
DA:171,1
DA:172,1
DA:173,1
DA:174,1
DA:175,1
DA:176,1
DA:177,1
DA:178,1
DA:197,0
DA:198,0
DA:199,0
DA:200,0
DA:201,0
DA:202,0
DA:203,0
DA:204,0
DA:205,0
DA:206,0
DA:207,0
DA:208,0
DA:209,0
DA:210,0
DA:211,0
DA:212,0
DA:213,0
DA:214,0
DA:215,0
DA:216,0
DA:217,0
DA:218,0
DA:219,0
DA:220,0
DA:221,0
DA:222,0
DA:223,0
LF:57
LH:29
end_of_record
SF:lib\domain\entities\weight_entity.dart
DA:26,4
DA:37,0
DA:38,0
DA:39,0
DA:40,0
DA:48,0
DA:49,0
DA:50,0
DA:51,0
LF:9
LH:1
end_of_record
SF:lib\domain\use_cases\get_breeds_use_case.dart
DA:26,1
DA:38,1
DA:40,2
LF:3
LH:3
end_of_record
SF:lib\data\repository\cat_api_repository.dart
DA:75,0
DA:76,0
DA:77,0
DA:78,0
DA:84,0
DA:85,0
DA:106,0
DA:109,0
DA:110,0
DA:111,0
DA:112,0
DA:116,0
DA:117,0
DA:118,0
DA:119,0
DA:120,0
DA:121,0
DA:122,0
DA:124,0
DA:125,0
DA:126,0
DA:129,0
DA:131,0
DA:132,0
DA:134,0
DA:155,0
DA:158,0
DA:159,0
DA:160,0
DA:163,0
DA:164,0
DA:165,0
DA:166,0
DA:167,0
DA:168,0
DA:169,0
DA:171,0
DA:172,0
DA:173,0
DA:176,0
DA:178,0
DA:179,0
DA:181,0
LF:43
LH:0
end_of_record
SF:lib\data\http\http_client.dart
DA:48,0
DA:70,0
DA:77,0
DA:78,0
DA:79,0
DA:80,0
DA:81,0
DA:86,0
DA:87,0
DA:89,0
DA:94,0
DA:95,0
DA:97,0
DA:100,0
DA:102,0
DA:103,0
DA:107,0
DA:108,0
DA:118,0
DA:120,0
DA:121,0
LF:21
LH:0
end_of_record
SF:lib\domain\exceptions\app_exceptions.dart
DA:19,0
DA:21,0
DA:22,0
DA:33,0
DA:34,0
DA:45,0
DA:46,0
DA:70,0
DA:81,0
DA:82,0
DA:93,0
DA:94,0
LF:12
LH:0
end_of_record
SF:lib\di\dependecy_injection.dart
DA:33,0
DA:54,0
DA:55,0
DA:61,0
DA:85,0
DA:86,0
DA:87,0
DA:88,0
DA:90,0
DA:91,0
DA:121,0
DA:122,0
DA:123,0
DA:124,0
DA:125,0
DA:126,0
DA:127,0
DA:130,0
LF:18
LH:0
end_of_record
SF:lib\domain\use_cases\filter_breeds_use_case.dart
DA:26,1
DA:38,1
DA:40,2
LF:3
LH:3
end_of_record
SF:lib\domain\entities\image_entity.dart
DA:35,0
DA:52,0
DA:53,0
DA:54,0
DA:55,0
DA:56,0
DA:57,0
DA:65,0
DA:66,0
DA:67,0
DA:68,0
DA:69,0
DA:70,0
LF:13
LH:0
end_of_record
SF:lib\main.dart
DA:13,0
DA:39,0
DA:40,0
DA:43,0
DA:44,0
DA:46,0
DA:50,0
DA:51,0
DA:52,0
DA:53,0
DA:55,0
DA:57,0
DA:61,0
DA:80,4
DA:82,0
DA:84,0
DA:86,0
DA:87,0
DA:88,0
DA:89,0
DA:90,0
DA:91,0
DA:95,0
DA:96,0
DA:98,0
DA:99,0
DA:100,0
LF:27
LH:1
end_of_record
SF:lib\presentation\screens\cat_detail_screen.dart
DA:9,0
DA:11,0
DA:13,0
DA:14,0
DA:15,0
DA:16,0
DA:18,0
DA:28,0
DA:29,0
DA:30,0
DA:32,0
DA:33,0
DA:35,0
DA:37,0
DA:38,0
DA:40,0
DA:41,0
DA:43,0
DA:46,0
DA:47,0
DA:49,0
DA:52,0
DA:53,0
DA:55,0
DA:67,0
DA:69,0
DA:72,0
DA:73,0
DA:74,0
DA:75,0
DA:78,0
DA:80,0
DA:87,0
DA:90,0
DA:93,0
DA:95,0
LF:36
LH:0
end_of_record
SF:lib\presentation\screens\home_screen.dart
DA:11,1
DA:13,1
DA:14,1
DA:20,1
DA:22,1
DA:23,2
DA:24,3
DA:27,3
DA:28,4
DA:29,3
DA:30,3
DA:35,1
DA:37,2
DA:38,1
DA:41,0
DA:42,0
DA:43,0
DA:44,0
DA:48,1
DA:50,2
DA:52,1
DA:54,1
DA:55,1
DA:57,1
DA:59,1
DA:60,2
DA:62,1
DA:65,1
DA:66,1
DA:67,1
DA:68,0
DA:71,0
DA:75,1
DA:76,1
DA:78,1
DA:80,1
DA:84,3
LF:37
LH:31
end_of_record
SF:lib\utils\app_theme.dart
DA:42,1
DA:43,1
DA:46,1
DA:47,1
DA:48,1
DA:49,1
DA:50,1
DA:51,1
DA:54,1
DA:55,1
DA:77,1
DA:78,1
DA:79,1
DA:82,1
DA:83,1
DA:88,1
DA:89,1
DA:90,1
DA:91,2
DA:93,1
DA:94,1
DA:96,2
DA:99,1
DA:100,1
DA:101,1
DA:106,1
DA:107,1
DA:108,1
DA:111,1
DA:113,1
DA:114,1
DA:115,1
DA:118,1
DA:119,1
DA:122,1
DA:123,1
DA:124,1
DA:125,1
DA:129,1
DA:130,1
DA:134,1
DA:135,1
DA:136,1
DA:137,1
DA:138,1
DA:141,1
DA:142,1
LF:47
LH:47
end_of_record
SF:lib\presentation\providers\breed_provider.dart
DA:58,2
DA:66,4
DA:69,2
DA:72,4
DA:75,4
DA:78,2
DA:81,2
DA:100,2
DA:101,2
DA:103,2
DA:104,2
DA:107,8
DA:108,6
DA:109,8
DA:110,2
DA:112,3
DA:113,1
DA:130,1
DA:131,2
DA:133,1
DA:134,1
DA:137,2
DA:138,3
DA:140,1
DA:141,1
DA:143,1
DA:144,4
DA:147,1
DA:148,1
DA:149,1
DA:151,0
DA:152,0
DA:169,1
DA:170,1
DA:171,2
DA:172,1
DA:176,1
DA:177,1
DA:178,1
DA:181,2
DA:182,1
DA:183,1
DA:184,1
DA:185,1
DA:187,1
DA:195,0
DA:196,0
DA:197,0
DA:198,0
DA:199,0
DA:208,2
DA:209,2
DA:210,2
DA:211,2
DA:212,2
DA:222,2
DA:223,2
DA:224,2
DA:225,2
DA:226,2
DA:227,2
DA:237,1
DA:238,1
DA:239,1
DA:240,1
DA:241,1
DA:248,2
DA:249,2
DA:250,2
DA:251,4
DA:264,1
DA:266,2
DA:267,6
DA:268,1
DA:279,1
DA:285,1
DA:286,0
DA:287,1
DA:288,0
DA:289,1
DA:290,0
DA:291,1
DA:292,0
DA:293,1
DA:294,0
DA:301,1
LF:86
LH:74
end_of_record
SF:lib\presentation\delegates\search_delegate.dart
DA:10,0
DA:12,0
DA:15,0
DA:21,0
DA:23,0
DA:24,0
DA:25,0
DA:26,0
DA:30,0
DA:33,0
DA:35,0
DA:37,0
DA:38,0
DA:39,0
DA:44,0
DA:47,0
DA:48,0
DA:51,0
DA:54,0
DA:57,0
DA:58,0
DA:59,0
DA:60,0
DA:62,0
DA:66,0
DA:67,0
DA:70,0
DA:74,0
DA:75,0
DA:76,0
DA:77,0
DA:78,0
DA:79,0
DA:80,0
DA:81,0
DA:82,0
DA:83,0
DA:84,0
DA:85,0
DA:86,0
DA:89,0
DA:97,0
DA:98,0
DA:99,0
DA:100,0
DA:101,0
DA:103,0
DA:104,0
DA:106,0
DA:109,0
DA:113,0
DA:115,0
DA:118,0
DA:128,0
DA:129,0
DA:130,0
DA:131,0
DA:137,0
DA:138,0
DA:139,0
DA:141,0
DA:142,0
DA:144,0
DA:148,0
DA:149,0
DA:151,0
DA:153,0
DA:162,0
DA:163,0
DA:164,0
DA:166,0
DA:169,0
LF:72
LH:0
end_of_record
SF:lib\utils\colors.dart
DA:36,2
DA:49,2
DA:62,0
DA:79,2
LF:4
LH:3
end_of_record
SF:lib\presentation\widgets\search\search_results_list.dart
DA:45,0
DA:51,0
DA:52,0
DA:55,0
DA:57,0
DA:58,0
DA:59,0
DA:60,0
DA:61,0
DA:64,0
DA:71,0
DA:72,0
DA:74,0
DA:76,0
DA:77,0
DA:78,0
DA:79,0
DA:80,0
DA:81,0
DA:83,0
DA:84,0
DA:85,0
DA:87,0
DA:92,0
DA:93,0
DA:94,0
DA:96,0
DA:100,0
DA:101,0
DA:102,0
DA:103,0
DA:104,0
DA:121,0
DA:122,0
DA:123,0
DA:126,0
DA:128,0
DA:130,0
DA:139,0
DA:141,0
DA:142,0
DA:145,0
DA:146,0
DA:152,0
DA:155,0
DA:160,0
DA:163,0
DA:164,0
DA:165,0
DA:166,0
DA:169,0
DA:170,0
DA:173,0
DA:174,0
LF:54
LH:0
end_of_record
SF:lib\presentation\widgets\detail\cat_attributes_widget.dart
DA:30,0
DA:46,0
DA:47,0
DA:50,0
DA:52,0
DA:54,0
DA:56,0
DA:57,0
DA:59,0
DA:60,0
DA:61,0
DA:68,0
DA:69,0
DA:78,0
DA:79,0
DA:80,0
DA:83,0
DA:84,0
DA:85,0
DA:121,0
DA:126,0
DA:128,0
DA:130,0
DA:132,0
DA:142,0
DA:144,0
DA:146,0
DA:147,0
DA:149,0
DA:151,0
DA:152,0
DA:154,0
DA:156,0
DA:158,0
DA:159,0
LF:35
LH:0
end_of_record
SF:lib\presentation\widgets\detail\cat_basic_info_widget.dart
DA:37,0
DA:44,0
DA:46,0
DA:47,0
DA:50,0
DA:51,0
DA:52,0
DA:54,0
DA:55,0
DA:56,0
DA:58,0
DA:59,0
DA:68,0
DA:69,0
DA:105,0
DA:110,0
DA:112,0
DA:114,0
DA:116,0
DA:117,0
DA:119,0
DA:120,0
DA:122,0
DA:125,0
DA:127,0
DA:130,0
DA:132,0
LF:27
LH:0
end_of_record
SF:lib\presentation\widgets\detail\cat_description_widget.dart
DA:23,0
DA:28,0
DA:30,0
DA:32,0
DA:34,0
DA:44,0
DA:45,0
LF:7
LH:0
end_of_record
SF:lib\presentation\widgets\detail\cat_detail_header_widget.dart
DA:40,0
DA:45,0
DA:47,0
DA:48,0
DA:49,0
DA:52,0
DA:53,0
DA:54,0
DA:55,0
DA:56,0
DA:59,0
DA:67,0
DA:68,0
DA:69,0
DA:72,0
DA:74,0
DA:78,0
DA:80,0
DA:83,0
DA:84,0
DA:90,0
DA:93,0
DA:98,0
LF:23
LH:0
end_of_record
SF:lib\presentation\widgets\detail\cat_temperament_widget.dart
DA:36,0
DA:41,0
DA:43,0
DA:45,0
DA:47,0
DA:49,0
DA:59,0
DA:63,0
DA:66,0
DA:67,0
DA:68,0
DA:70,0
DA:71,0
DA:79,0
LF:14
LH:0
end_of_record
SF:lib\presentation\widgets\home\home_bar_indicator_widget.dart
DA:34,0
DA:39,0
DA:41,0
DA:44,0
DA:45,0
DA:48,0
DA:50,0
DA:52,0
DA:53,0
DA:54,0
LF:10
LH:0
end_of_record
SF:lib\presentation\widgets\home\home_cat_list_widget.dart
DA:47,1
DA:53,1
DA:54,1
DA:61,1
DA:63,1
DA:64,2
DA:65,3
DA:66,2
DA:67,1
DA:68,3
DA:69,1
DA:70,2
DA:75,4
DA:78,0
DA:79,0
DA:80,0
DA:81,0
DA:82,0
DA:83,0
DA:84,0
DA:85,0
DA:89,1
DA:91,2
DA:92,4
DA:93,1
DA:96,1
DA:98,3
DA:99,0
DA:102,7
DA:106,1
DA:107,2
DA:108,2
DA:109,1
DA:129,0
DA:134,0
DA:136,0
DA:137,0
DA:139,0
DA:140,0
DA:152,4
DA:154,1
DA:156,1
DA:157,1
DA:158,1
DA:202,1
DA:209,0
DA:210,0
DA:213,1
DA:216,3
DA:217,2
DA:219,1
DA:220,1
DA:222,6
DA:225,1
DA:226,4
DA:235,0
DA:236,0
DA:238,0
DA:239,0
DA:240,0
DA:242,0
DA:243,0
DA:244,0
DA:246,0
DA:249,0
DA:250,0
DA:251,0
DA:253,0
DA:256,0
DA:257,0
DA:258,0
DA:259,0
DA:260,0
DA:277,0
DA:278,0
DA:279,0
DA:282,0
DA:284,0
DA:286,0
DA:296,0
DA:298,0
DA:299,0
DA:302,0
DA:303,0
DA:309,0
DA:312,0
DA:317,0
DA:321,0
DA:322,0
DA:323,0
DA:325,0
DA:328,0
DA:329,0
DA:330,0
DA:333,0
DA:335,0
LF:96
LH:38
end_of_record
SF:lib\presentation\widgets\home\home_header_widget.dart
DA:34,0
DA:39,0
DA:41,0
DA:42,0
DA:43,0
DA:45,0
DA:47,0
DA:49,0
DA:50,0
DA:52,0
LF:10
LH:0
end_of_record
SF:lib\presentation\widgets\home\home_search_bar_widget.dart
DA:42,0
DA:48,0
DA:50,0
DA:51,0
DA:53,0
DA:55,0
DA:57,0
DA:58,0
DA:59,0
DA:60,0
DA:62,0
DA:63,0
DA:64,0
DA:73,0
DA:75,0
DA:77,0
DA:83,0
DA:85,0
DA:87,0
LF:19
LH:0
end_of_record
