SF:lib\data\http\http_client.dart
DA:49,1
DA:54,0
DA:72,1
DA:79,3
DA:80,1
DA:81,0
DA:82,0
DA:83,0
DA:88,1
DA:89,1
DA:91,2
DA:96,1
DA:97,2
DA:99,1
DA:102,1
DA:104,2
DA:105,3
DA:109,1
DA:110,2
DA:120,1
DA:122,2
DA:123,1
LF:22
LH:18
end_of_record
SF:lib\domain\exceptions\app_exceptions.dart
DA:19,3
DA:21,1
DA:22,1
DA:33,2
DA:34,2
DA:45,2
DA:46,2
DA:70,3
DA:81,2
DA:82,2
DA:93,2
DA:94,2
LF:12
LH:12
end_of_record
SF:lib\data\repository\cat_api_repository.dart
DA:75,1
DA:78,4
DA:79,4
DA:80,1
DA:82,2
DA:83,0
DA:104,1
DA:107,2
DA:108,3
DA:109,1
DA:110,1
DA:114,2
DA:115,2
DA:116,4
DA:117,2
DA:118,2
DA:119,0
DA:120,0
DA:122,0
DA:123,0
DA:124,0
DA:127,1
DA:129,1
DA:130,1
DA:132,3
DA:153,1
DA:156,2
DA:157,3
DA:158,2
DA:161,2
DA:162,2
DA:163,4
DA:164,2
DA:165,2
DA:166,0
DA:167,0
DA:169,0
DA:170,0
DA:171,0
DA:174,1
DA:176,0
DA:177,0
DA:179,0
LF:43
LH:29
end_of_record
SF:lib\domain\entities\breed_entity.dart
DA:109,12
DA:150,2
DA:151,2
DA:152,2
DA:153,2
DA:154,2
DA:155,2
DA:156,2
DA:157,2
DA:158,2
DA:159,2
DA:160,2
DA:161,2
DA:162,2
DA:163,2
DA:164,2
DA:165,2
DA:166,2
DA:167,2
DA:168,2
DA:169,2
DA:170,2
DA:171,2
DA:172,2
DA:173,2
DA:174,2
DA:175,2
DA:176,2
DA:177,2
DA:178,4
DA:197,1
DA:198,1
DA:199,1
DA:200,1
DA:201,2
DA:202,1
DA:203,1
DA:204,1
DA:205,1
DA:206,1
DA:207,1
DA:208,1
DA:209,1
DA:210,1
DA:211,1
DA:212,1
DA:213,1
DA:214,1
DA:215,1
DA:216,1
DA:217,1
DA:218,1
DA:219,1
DA:220,1
DA:221,1
DA:222,1
DA:223,2
LF:57
LH:57
end_of_record
SF:lib\domain\entities\weight_entity.dart
DA:26,13
DA:37,2
DA:38,2
DA:39,2
DA:40,2
DA:48,2
DA:49,2
DA:50,2
DA:51,2
LF:9
LH:9
end_of_record
SF:lib\domain\entities\image_entity.dart
DA:35,2
DA:52,2
DA:53,2
DA:54,2
DA:55,2
DA:56,2
DA:57,2
DA:65,2
DA:66,2
DA:67,2
DA:68,2
DA:69,2
DA:70,2
LF:13
LH:13
end_of_record
SF:lib\domain\use_cases\filter_breeds_use_case.dart
DA:26,1
DA:38,1
DA:40,2
LF:3
LH:3
end_of_record
SF:lib\domain\use_cases\get_breeds_use_case.dart
DA:26,1
DA:38,1
DA:40,2
LF:3
LH:3
end_of_record
SF:lib\presentation\providers\breed_provider.dart
DA:58,4
DA:66,6
DA:69,4
DA:72,8
DA:75,8
DA:78,2
DA:81,4
DA:100,2
DA:101,2
DA:103,2
DA:104,2
DA:107,8
DA:108,6
DA:109,8
DA:110,2
DA:112,3
DA:113,1
DA:130,1
DA:131,2
DA:133,1
DA:134,1
DA:137,2
DA:138,3
DA:140,1
DA:141,1
DA:143,1
DA:144,4
DA:147,1
DA:148,1
DA:149,1
DA:151,0
DA:152,0
DA:169,2
DA:170,2
DA:171,2
DA:172,1
DA:176,2
DA:177,2
DA:178,2
DA:181,4
DA:182,2
DA:183,2
DA:184,2
DA:185,2
DA:187,1
DA:195,1
DA:196,2
DA:197,1
DA:198,1
DA:199,1
DA:208,2
DA:209,2
DA:210,2
DA:211,2
DA:212,2
DA:222,2
DA:223,2
DA:224,2
DA:225,2
DA:226,2
DA:227,2
DA:237,1
DA:238,1
DA:239,1
DA:240,1
DA:241,1
DA:248,2
DA:249,2
DA:250,2
DA:251,4
DA:264,1
DA:266,2
DA:267,6
DA:268,1
DA:279,1
DA:285,1
DA:286,0
DA:287,1
DA:288,0
DA:289,1
DA:290,0
DA:291,1
DA:292,0
DA:293,1
DA:294,0
DA:301,1
LF:86
LH:79
end_of_record
SF:lib\presentation\widgets\detail\cat_attributes_widget.dart
DA:30,2
DA:46,2
DA:47,4
DA:50,2
DA:52,4
DA:54,2
DA:56,2
DA:57,2
DA:59,2
DA:60,2
DA:61,2
DA:68,2
DA:69,4
DA:78,2
DA:79,2
DA:80,2
DA:83,2
DA:84,2
DA:85,2
DA:121,2
DA:126,2
DA:128,2
DA:130,2
DA:132,2
DA:142,6
DA:144,6
DA:146,2
DA:147,4
DA:149,6
DA:151,2
DA:152,4
DA:154,6
DA:156,6
DA:158,2
DA:159,4
LF:35
LH:35
end_of_record
SF:lib\presentation\screens\cat_detail_screen.dart
DA:9,1
DA:11,1
DA:13,1
DA:14,0
DA:15,0
DA:16,0
DA:18,0
DA:28,1
DA:29,1
DA:30,1
DA:32,1
DA:33,1
DA:35,2
DA:37,1
DA:38,2
DA:40,1
DA:41,1
DA:43,3
DA:46,1
DA:47,1
DA:49,3
DA:52,1
DA:53,1
DA:55,2
DA:67,1
DA:69,1
DA:72,1
DA:73,1
DA:74,2
DA:75,1
DA:78,1
DA:80,0
DA:87,1
DA:90,1
DA:93,0
DA:95,0
LF:36
LH:29
end_of_record
SF:lib\utils\colors.dart
DA:36,6
DA:49,12
DA:62,0
DA:79,12
LF:4
LH:3
end_of_record
SF:lib\presentation\widgets\detail\cat_basic_info_widget.dart
DA:37,2
DA:44,2
DA:46,2
DA:47,2
DA:50,2
DA:51,2
DA:52,2
DA:54,2
DA:55,2
DA:56,6
DA:58,2
DA:59,2
DA:68,2
DA:69,2
DA:105,2
DA:110,2
DA:112,2
DA:114,2
DA:116,2
DA:117,2
DA:119,2
DA:120,2
DA:122,6
DA:125,2
DA:127,4
DA:130,2
DA:132,6
LF:27
LH:27
end_of_record
SF:lib\presentation\widgets\detail\cat_description_widget.dart
DA:23,1
DA:28,1
DA:30,1
DA:32,1
DA:34,1
DA:44,1
DA:45,1
LF:7
LH:7
end_of_record
SF:lib\presentation\widgets\detail\cat_detail_header_widget.dart
DA:40,2
DA:45,2
DA:47,2
DA:48,6
DA:49,2
DA:52,2
DA:53,6
DA:54,2
DA:55,4
DA:56,0
DA:59,4
DA:67,2
DA:68,2
DA:69,2
DA:72,2
DA:74,4
DA:78,2
DA:80,2
DA:83,2
DA:84,2
DA:90,6
DA:93,2
DA:98,6
LF:23
LH:22
end_of_record
SF:lib\presentation\widgets\detail\cat_temperament_widget.dart
DA:36,1
DA:41,2
DA:43,4
DA:45,2
DA:47,2
DA:49,2
DA:59,2
DA:63,6
DA:66,2
DA:67,2
DA:68,2
DA:70,2
DA:71,2
DA:79,2
LF:14
LH:14
end_of_record
SF:lib\presentation\widgets\home\home_bar_indicator_widget.dart
DA:34,1
DA:39,2
DA:41,2
DA:44,2
DA:45,2
DA:48,2
DA:50,2
DA:52,4
DA:53,2
DA:54,2
LF:10
LH:10
end_of_record
SF:lib\presentation\widgets\search\search_results_list.dart
DA:45,1
DA:51,1
DA:52,2
DA:55,1
DA:57,2
DA:58,1
DA:59,1
DA:60,1
DA:61,1
DA:64,1
DA:71,3
DA:72,2
DA:74,1
DA:76,2
DA:77,1
DA:78,2
DA:79,1
DA:80,0
DA:81,0
DA:83,0
DA:84,0
DA:85,0
DA:87,0
DA:92,1
DA:93,2
DA:94,1
DA:96,1
DA:100,1
DA:101,1
DA:102,1
DA:103,1
DA:104,0
DA:121,1
DA:122,1
DA:123,1
DA:126,1
DA:128,1
DA:130,1
DA:139,1
DA:141,1
DA:142,1
DA:145,1
DA:146,1
DA:152,2
DA:155,1
DA:160,2
DA:163,1
DA:164,1
DA:165,1
DA:166,2
DA:169,1
DA:170,2
DA:173,1
DA:174,2
LF:54
LH:47
end_of_record
SF:lib\presentation\delegates\search_delegate.dart
DA:10,1
DA:12,1
DA:15,1
DA:21,1
DA:23,2
DA:24,1
DA:25,1
DA:26,2
DA:30,1
DA:33,1
DA:35,1
DA:37,1
DA:38,2
DA:39,1
DA:44,1
DA:47,3
DA:48,3
DA:51,1
DA:52,1
DA:53,1
DA:54,2
DA:56,2
DA:57,0
DA:58,0
DA:60,3
DA:61,0
DA:62,0
DA:71,1
DA:74,3
DA:75,2
DA:76,2
DA:77,3
DA:79,2
DA:83,2
DA:87,1
DA:88,1
DA:89,1
DA:90,2
DA:92,2
DA:93,0
DA:94,0
DA:96,3
DA:97,0
DA:98,0
LF:44
LH:36
end_of_record
SF:lib\presentation\widgets\search\search_state_widgets.dart
DA:15,1
DA:17,1
DA:19,1
DA:20,1
DA:21,1
DA:22,1
DA:24,1
DA:25,1
DA:27,1
DA:30,1
DA:34,1
DA:36,1
DA:39,1
DA:60,1
DA:62,1
DA:64,1
DA:65,1
DA:66,1
DA:67,1
DA:68,1
DA:100,0
DA:105,0
DA:107,0
DA:108,0
DA:109,0
DA:110,0
DA:112,0
DA:113,0
DA:115,0
DA:119,0
DA:120,0
DA:122,0
DA:124,0
DA:145,1
DA:147,1
DA:149,1
DA:150,1
DA:151,1
DA:152,1
DA:154,1
DA:157,1
LF:41
LH:28
end_of_record
SF:lib\presentation\widgets\home\home_cat_list_widget.dart
DA:47,2
DA:53,2
DA:54,2
DA:61,2
DA:63,2
DA:64,4
DA:65,6
DA:66,3
DA:67,1
DA:68,3
DA:69,1
DA:70,2
DA:75,8
DA:78,0
DA:79,0
DA:80,0
DA:81,0
DA:82,0
DA:83,0
DA:84,0
DA:85,0
DA:89,2
DA:91,4
DA:92,8
DA:93,2
DA:96,2
DA:98,6
DA:99,0
DA:102,14
DA:106,2
DA:107,4
DA:108,4
DA:109,2
DA:129,0
DA:134,0
DA:136,0
DA:137,0
DA:139,0
DA:140,0
DA:152,1
DA:154,2
DA:156,2
DA:157,2
DA:158,2
DA:202,2
DA:209,0
DA:210,0
DA:213,2
DA:216,6
DA:217,4
DA:219,2
DA:220,2
DA:222,12
DA:225,2
DA:226,8
DA:235,0
DA:236,0
DA:238,0
DA:239,0
DA:240,0
DA:242,0
DA:243,0
DA:244,0
DA:246,0
DA:249,0
DA:250,0
DA:251,0
DA:253,0
DA:256,0
DA:257,0
DA:258,0
DA:259,0
DA:260,0
DA:277,0
DA:278,0
DA:279,0
DA:282,0
DA:284,0
DA:286,0
DA:296,0
DA:298,0
DA:299,0
DA:302,0
DA:303,0
DA:309,0
DA:312,0
DA:317,0
DA:321,0
DA:322,0
DA:323,0
DA:325,0
DA:328,0
DA:329,0
DA:330,0
DA:333,0
DA:335,0
LF:96
LH:38
end_of_record
SF:lib\presentation\screens\home_screen.dart
DA:11,1
DA:13,1
DA:14,1
DA:20,1
DA:22,1
DA:23,2
DA:24,3
DA:27,3
DA:28,4
DA:29,3
DA:30,3
DA:35,1
DA:37,2
DA:38,1
DA:41,0
DA:42,0
DA:43,0
DA:44,0
DA:48,1
DA:50,2
DA:52,1
DA:54,1
DA:55,1
DA:57,1
DA:59,1
DA:60,2
DA:62,1
DA:65,1
DA:66,1
DA:67,1
DA:68,0
DA:71,0
DA:76,3
LF:33
LH:27
end_of_record
SF:lib\utils\app_theme.dart
DA:42,1
DA:43,1
DA:46,1
DA:47,1
DA:48,1
DA:49,1
DA:50,1
DA:51,1
DA:54,1
DA:55,1
DA:77,1
DA:78,1
DA:79,1
DA:82,1
DA:83,1
DA:88,1
DA:89,1
DA:90,1
DA:91,2
DA:93,1
DA:94,1
DA:96,2
DA:99,1
DA:100,1
DA:101,1
DA:106,1
DA:107,1
DA:108,1
DA:111,1
DA:113,1
DA:114,1
DA:115,1
DA:118,1
DA:119,1
DA:122,1
DA:123,1
DA:124,1
DA:125,1
DA:129,1
DA:130,1
DA:134,1
DA:135,1
DA:136,1
DA:137,1
DA:138,1
DA:141,1
DA:142,1
LF:47
LH:47
end_of_record
